<?xml version="1.0" encoding="UTF-8" ?>
<testsuite tests="4" failures="0" name="com.virtusa.util.WordConversionUtilTest" time="0.004" errors="0" skipped="0">
  <properties>
[...]
</properties>
  <testcase classname="com.virtusa.util.WordConversionUtilTest" name="testZeroPrepareWord" time="0.004"/>
  <testcase classname="com.virtusa.util.WordConversionUtilTest" name="testPrepareWord" time="0"/>
  <testcase classname="com.virtusa.util.WordConversionUtilTest" name="testInvalidConvertNumberToWord" time="0"/>
  <testcase classname="com.virtusa.util.WordConversionUtilTest" name="testConvertNumberToWord" time="0"/>
</testsuite>